Logger initialized with level: trace
[2026-07-05 04:54:24.855] [Fiboaisdk] [---T---] [thread 1376994]   Model Path: /home/fibo/fibocom_slz/modules/fiboaistack_229_env/outputs/snpe_quant_qemu82_full_20260703_075537/radio_map_liteunet_quantized.dlc
Platform: qualcomm
Framework: snpe
Device Unit: gpu
Mode: 5
Log Level: error
Logger initialized with level: error
[USER_ERROR] GPU ERROR: GPU_ERROR_UNSUPPORTED(10018) - Setting context priority after context initialization not supported
[USER_ERROR] 6000 | QnnContext_setConfig() failed; QNN_CONTEXT_ERROR_INVALID_ARGUMENT: An argument to QNN context API is deemed invalid by a backend
{
  "execute_ms": [
    289.55005400348455
  ],
  "execute_ms_avg": 289.55005400348455,
  "execute_ms_max": 289.55005400348455,
  "execute_ms_min": 289.55005400348455,
  "fetch_ms": [
    27.275806991383433
  ],
  "fetch_ms_avg": 27.275806991383433,
  "framework": "snpe",
  "init_code": 0,
  "init_ms": 1101.3126010075212,
  "input_name": "input",
  "mode": 5,
  "model": "/home/fibo/fibocom_slz/modules/fiboaistack_229_env/outputs/snpe_quant_qemu82_full_20260703_075537/radio_map_liteunet_quantized.dlc",
  "ok": true,
  "output_len": 65536,
  "output_max": 2.591796875,
  "output_mean": 0.5379973649978638,
  "output_min": -1.4814453125,
  "output_name": "output",
  "output_npy": "/home/fibo/fibocom_slz/modules/radio_map_qcs6490_deploy/outputs/int8_dsp_accuracy_20260703_120803/int8_gpu/666_k1_gpu_snpe.npy",
  "release_code": 0,
  "repeat": 1,
  "runtime": "GPU",
  "sample": {
    "has_valid_mask": true,
    "has_y": true,
    "sample_path": "/home/fibo/fibocom_slz/modules/radio-map-estimation-workbench/modules/m2/runs/datas/features/v1_base_256_k1_landuse3/666_k1.npz",
    "x_shape_chw": [
      7,
      256,
      256
    ],
    "x_shape_nhwc": [
      1,
      256,
      256,
      7
    ]
  },
  "sample_id": "666_k1",
  "warmup": 1
}
