2026-07-02 22:53:12,576 - 235 - INFO - Input shape info 
2026-07-02 22:54:03,510 - 240 - WARNING - WARNING_OP_VERSION_NOT_SUPPORTED: Operation Relu Not Supported. Expected operator version: [1, 6], instead got version: [14]
2026-07-02 22:54:03,680 - 240 - WARNING - WARNING_OP_VERSION_NOT_SUPPORTED: Operation Relu Not Supported. Expected operator version: [1, 6], instead got version: [14]
2026-07-02 22:54:03,878 - 240 - WARNING - WARNING_OP_VERSION_NOT_SUPPORTED: Operation Relu Not Supported. Expected operator version: [1, 6], instead got version: [14]
2026-07-02 22:54:04,045 - 240 - WARNING - WARNING_OP_VERSION_NOT_SUPPORTED: Operation Relu Not Supported. Expected operator version: [1, 6], instead got version: [14]
2026-07-02 22:54:04,237 - 240 - WARNING - WARNING_OP_VERSION_NOT_SUPPORTED: Operation Relu Not Supported. Expected operator version: [1, 6], instead got version: [14]
2026-07-02 22:54:04,404 - 240 - WARNING - WARNING_OP_VERSION_NOT_SUPPORTED: Operation Relu Not Supported. Expected operator version: [1, 6], instead got version: [14]
2026-07-02 22:54:04,595 - 240 - WARNING - WARNING_OP_VERSION_NOT_SUPPORTED: Operation Relu Not Supported. Expected operator version: [1, 6], instead got version: [14]
2026-07-02 22:54:04,761 - 240 - WARNING - WARNING_OP_VERSION_NOT_SUPPORTED: Operation Relu Not Supported. Expected operator version: [1, 6], instead got version: [14]
2026-07-02 22:54:04,785 - 240 - WARNING - WARNING_OP_VERSION_NOT_SUPPORTED: Operation Relu Not Supported. Expected operator version: [1, 6], instead got version: [14]
2026-07-02 22:54:04,815 - 240 - WARNING - WARNING_OP_VERSION_NOT_SUPPORTED: Operation Relu Not Supported. Expected operator version: [1, 6], instead got version: [14]
2026-07-02 22:54:04,840 - 240 - WARNING - WARNING_OP_VERSION_NOT_SUPPORTED: Operation Relu Not Supported. Expected operator version: [1, 6], instead got version: [14]
2026-07-02 22:54:04,864 - 240 - WARNING - WARNING_OP_VERSION_NOT_SUPPORTED: Operation Relu Not Supported. Expected operator version: [1, 6], instead got version: [14]
2026-07-02 22:54:04,900 - 240 - WARNING - WARNING_OP_VERSION_NOT_SUPPORTED: Operation Relu Not Supported. Expected operator version: [1, 6], instead got version: [14]
2026-07-02 22:54:05,106 - 240 - WARNING - WARNING_OP_VERSION_NOT_SUPPORTED: Operation Relu Not Supported. Expected operator version: [1, 6], instead got version: [14]
2026-07-02 22:54:05,274 - 240 - WARNING - WARNING_OP_VERSION_NOT_SUPPORTED: Operation Relu Not Supported. Expected operator version: [1, 6], instead got version: [14]
2026-07-02 22:54:05,476 - 240 - WARNING - WARNING_OP_VERSION_NOT_SUPPORTED: Operation Relu Not Supported. Expected operator version: [1, 6], instead got version: [14]
2026-07-02 22:54:05,643 - 240 - WARNING - WARNING_OP_VERSION_NOT_SUPPORTED: Operation Relu Not Supported. Expected operator version: [1, 6], instead got version: [14]
2026-07-02 22:54:05,844 - 240 - WARNING - WARNING_OP_VERSION_NOT_SUPPORTED: Operation Relu Not Supported. Expected operator version: [1, 6], instead got version: [14]
2026-07-02 22:54:06,011 - 240 - WARNING - WARNING_OP_VERSION_NOT_SUPPORTED: Operation Relu Not Supported. Expected operator version: [1, 6], instead got version: [14]
2026-07-02 22:54:12,876 - 235 - INFO - INFO_INITIALIZATION_SUCCESS: 
2026-07-02 22:54:13,849 - 235 - INFO - INFO_CONVERSION_SUCCESS: Conversion completed successfully
2026-07-02 22:54:13,883 - 235 - INFO - INFO_WRITE_SUCCESS: 
