[sudo] password for fibo: 2026-07-02 23:18:08,349 - 235 - INFO - Input shape info 
2026-07-02 23:19:03,572 - 235 - INFO - user_provided_output is same as graph_output..skipping update_output_names call
2026-07-02 23:19:03,838 - 240 - WARNING - WARNING_OP_VERSION_NOT_SUPPORTED: Operation Relu Not Supported. Expected operator version: [1, 6], instead got version: [14]
2026-07-02 23:19:04,008 - 240 - WARNING - WARNING_OP_VERSION_NOT_SUPPORTED: Operation Relu Not Supported. Expected operator version: [1, 6], instead got version: [14]
2026-07-02 23:19:04,205 - 240 - WARNING - WARNING_OP_VERSION_NOT_SUPPORTED: Operation Relu Not Supported. Expected operator version: [1, 6], instead got version: [14]
2026-07-02 23:19:04,373 - 240 - WARNING - WARNING_OP_VERSION_NOT_SUPPORTED: Operation Relu Not Supported. Expected operator version: [1, 6], instead got version: [14]
2026-07-02 23:19:04,568 - 240 - WARNING - WARNING_OP_VERSION_NOT_SUPPORTED: Operation Relu Not Supported. Expected operator version: [1, 6], instead got version: [14]
2026-07-02 23:19:04,736 - 240 - WARNING - WARNING_OP_VERSION_NOT_SUPPORTED: Operation Relu Not Supported. Expected operator version: [1, 6], instead got version: [14]
2026-07-02 23:19:04,932 - 240 - WARNING - WARNING_OP_VERSION_NOT_SUPPORTED: Operation Relu Not Supported. Expected operator version: [1, 6], instead got version: [14]
2026-07-02 23:19:05,101 - 240 - WARNING - WARNING_OP_VERSION_NOT_SUPPORTED: Operation Relu Not Supported. Expected operator version: [1, 6], instead got version: [14]
2026-07-02 23:19:05,127 - 240 - WARNING - WARNING_OP_VERSION_NOT_SUPPORTED: Operation Relu Not Supported. Expected operator version: [1, 6], instead got version: [14]
2026-07-02 23:19:05,153 - 240 - WARNING - WARNING_OP_VERSION_NOT_SUPPORTED: Operation Relu Not Supported. Expected operator version: [1, 6], instead got version: [14]
2026-07-02 23:19:05,178 - 240 - WARNING - WARNING_OP_VERSION_NOT_SUPPORTED: Operation Relu Not Supported. Expected operator version: [1, 6], instead got version: [14]
2026-07-02 23:19:05,203 - 240 - WARNING - WARNING_OP_VERSION_NOT_SUPPORTED: Operation Relu Not Supported. Expected operator version: [1, 6], instead got version: [14]
2026-07-02 23:19:05,239 - 240 - WARNING - WARNING_OP_VERSION_NOT_SUPPORTED: Operation Relu Not Supported. Expected operator version: [1, 6], instead got version: [14]
2026-07-02 23:19:05,448 - 240 - WARNING - WARNING_OP_VERSION_NOT_SUPPORTED: Operation Relu Not Supported. Expected operator version: [1, 6], instead got version: [14]
2026-07-02 23:19:05,617 - 240 - WARNING - WARNING_OP_VERSION_NOT_SUPPORTED: Operation Relu Not Supported. Expected operator version: [1, 6], instead got version: [14]
2026-07-02 23:19:05,821 - 240 - WARNING - WARNING_OP_VERSION_NOT_SUPPORTED: Operation Relu Not Supported. Expected operator version: [1, 6], instead got version: [14]
2026-07-02 23:19:05,998 - 240 - WARNING - WARNING_OP_VERSION_NOT_SUPPORTED: Operation Relu Not Supported. Expected operator version: [1, 6], instead got version: [14]
2026-07-02 23:19:06,201 - 240 - WARNING - WARNING_OP_VERSION_NOT_SUPPORTED: Operation Relu Not Supported. Expected operator version: [1, 6], instead got version: [14]
2026-07-02 23:19:06,371 - 240 - WARNING - WARNING_OP_VERSION_NOT_SUPPORTED: Operation Relu Not Supported. Expected operator version: [1, 6], instead got version: [14]
2026-07-02 23:19:14,065 - 235 - INFO - Skipping quantization, no input_list provided
2026-07-02 23:19:14,065 - 235 - INFO - Saving QNN Model...
2026-07-02 23:19:14,454 - 235 - INFO - Model CPP saved at: /workspace/modules/fiboaistack_229_env/outputs/qnn_model/radio_map_liteunet_qnn.cpp 
2026-07-02 23:19:14,456 - 235 - INFO - Model BIN saved at: /workspace/modules/fiboaistack_229_env/outputs/qnn_model/radio_map_liteunet_qnn.bin 
2026-07-02 23:19:14,519 - 235 - INFO - Conversion complete!
