[sudo] password for fibo: == convert qnn fp32 original ==
2026-07-05 12:15:13,865 - 235 - INFO - Input shape info 
2026-07-05 12:16:25,856 - 235 - INFO - user_provided_output is same as graph_output..skipping update_output_names call
2026-07-05 12:16:26,166 - 240 - WARNING - WARNING_OP_VERSION_NOT_SUPPORTED: Operation Relu Not Supported. Expected operator version: [1, 6], instead got version: [14]
2026-07-05 12:16:26,384 - 240 - WARNING - WARNING_OP_VERSION_NOT_SUPPORTED: Operation Relu Not Supported. Expected operator version: [1, 6], instead got version: [14]
2026-07-05 12:16:26,635 - 240 - WARNING - WARNING_OP_VERSION_NOT_SUPPORTED: Operation Relu Not Supported. Expected operator version: [1, 6], instead got version: [14]
2026-07-05 12:16:26,848 - 240 - WARNING - WARNING_OP_VERSION_NOT_SUPPORTED: Operation Relu Not Supported. Expected operator version: [1, 6], instead got version: [14]
2026-07-05 12:16:27,091 - 240 - WARNING - WARNING_OP_VERSION_NOT_SUPPORTED: Operation Relu Not Supported. Expected operator version: [1, 6], instead got version: [14]
2026-07-05 12:16:27,304 - 240 - WARNING - WARNING_OP_VERSION_NOT_SUPPORTED: Operation Relu Not Supported. Expected operator version: [1, 6], instead got version: [14]
2026-07-05 12:16:27,551 - 240 - WARNING - WARNING_OP_VERSION_NOT_SUPPORTED: Operation Relu Not Supported. Expected operator version: [1, 6], instead got version: [14]
2026-07-05 12:16:27,768 - 240 - WARNING - WARNING_OP_VERSION_NOT_SUPPORTED: Operation Relu Not Supported. Expected operator version: [1, 6], instead got version: [14]
2026-07-05 12:16:27,800 - 240 - WARNING - WARNING_OP_VERSION_NOT_SUPPORTED: Operation Relu Not Supported. Expected operator version: [1, 6], instead got version: [14]
2026-07-05 12:16:27,833 - 240 - WARNING - WARNING_OP_VERSION_NOT_SUPPORTED: Operation Relu Not Supported. Expected operator version: [1, 6], instead got version: [14]
2026-07-05 12:16:27,864 - 240 - WARNING - WARNING_OP_VERSION_NOT_SUPPORTED: Operation Relu Not Supported. Expected operator version: [1, 6], instead got version: [14]
2026-07-05 12:16:27,897 - 240 - WARNING - WARNING_OP_VERSION_NOT_SUPPORTED: Operation Relu Not Supported. Expected operator version: [1, 6], instead got version: [14]
2026-07-05 12:16:27,944 - 240 - WARNING - WARNING_OP_VERSION_NOT_SUPPORTED: Operation Relu Not Supported. Expected operator version: [1, 6], instead got version: [14]
2026-07-05 12:16:28,203 - 240 - WARNING - WARNING_OP_VERSION_NOT_SUPPORTED: Operation Relu Not Supported. Expected operator version: [1, 6], instead got version: [14]
2026-07-05 12:16:28,416 - 240 - WARNING - WARNING_OP_VERSION_NOT_SUPPORTED: Operation Relu Not Supported. Expected operator version: [1, 6], instead got version: [14]
2026-07-05 12:16:28,670 - 240 - WARNING - WARNING_OP_VERSION_NOT_SUPPORTED: Operation Relu Not Supported. Expected operator version: [1, 6], instead got version: [14]
2026-07-05 12:16:28,892 - 240 - WARNING - WARNING_OP_VERSION_NOT_SUPPORTED: Operation Relu Not Supported. Expected operator version: [1, 6], instead got version: [14]
2026-07-05 12:16:29,152 - 240 - WARNING - WARNING_OP_VERSION_NOT_SUPPORTED: Operation Relu Not Supported. Expected operator version: [1, 6], instead got version: [14]
2026-07-05 12:16:29,371 - 240 - WARNING - WARNING_OP_VERSION_NOT_SUPPORTED: Operation Relu Not Supported. Expected operator version: [1, 6], instead got version: [14]
2026-07-05 12:16:39,039 - 235 - INFO - Skipping quantization, no input_list provided
2026-07-05 12:16:39,040 - 235 - INFO - Saving QNN Model...
2026-07-05 12:16:39,625 - 235 - INFO - Model CPP saved at: /workspace/modules/fiboaistack_229_env/outputs/qnn_model/radio_map_liteunet_qnn.cpp 
2026-07-05 12:16:39,627 - 235 - INFO - Model BIN saved at: /workspace/modules/fiboaistack_229_env/outputs/qnn_model/radio_map_liteunet_qnn.bin 
2026-07-05 12:16:39,719 - 235 - INFO - Conversion complete!
== convert qnn fp32 pad_constant ==
2026-07-05 12:16:54,693 - 235 - INFO - Input shape info 
2026-07-05 12:18:03,154 - 235 - INFO - user_provided_output is same as graph_output..skipping update_output_names call
2026-07-05 12:18:03,439 - 240 - WARNING - WARNING_OP_VERSION_NOT_SUPPORTED: Operation Relu Not Supported. Expected operator version: [1, 6], instead got version: [14]
2026-07-05 12:18:03,622 - 240 - WARNING - WARNING_OP_VERSION_NOT_SUPPORTED: Operation Relu Not Supported. Expected operator version: [1, 6], instead got version: [14]
2026-07-05 12:18:03,838 - 240 - WARNING - WARNING_OP_VERSION_NOT_SUPPORTED: Operation Relu Not Supported. Expected operator version: [1, 6], instead got version: [14]
2026-07-05 12:18:04,016 - 240 - WARNING - WARNING_OP_VERSION_NOT_SUPPORTED: Operation Relu Not Supported. Expected operator version: [1, 6], instead got version: [14]
2026-07-05 12:18:04,230 - 240 - WARNING - WARNING_OP_VERSION_NOT_SUPPORTED: Operation Relu Not Supported. Expected operator version: [1, 6], instead got version: [14]
2026-07-05 12:18:04,412 - 240 - WARNING - WARNING_OP_VERSION_NOT_SUPPORTED: Operation Relu Not Supported. Expected operator version: [1, 6], instead got version: [14]
2026-07-05 12:18:04,623 - 240 - WARNING - WARNING_OP_VERSION_NOT_SUPPORTED: Operation Relu Not Supported. Expected operator version: [1, 6], instead got version: [14]
2026-07-05 12:18:04,807 - 240 - WARNING - WARNING_OP_VERSION_NOT_SUPPORTED: Operation Relu Not Supported. Expected operator version: [1, 6], instead got version: [14]
2026-07-05 12:18:04,840 - 240 - WARNING - WARNING_OP_VERSION_NOT_SUPPORTED: Operation Relu Not Supported. Expected operator version: [1, 6], instead got version: [14]
2026-07-05 12:18:04,872 - 240 - WARNING - WARNING_OP_VERSION_NOT_SUPPORTED: Operation Relu Not Supported. Expected operator version: [1, 6], instead got version: [14]
2026-07-05 12:18:04,905 - 240 - WARNING - WARNING_OP_VERSION_NOT_SUPPORTED: Operation Relu Not Supported. Expected operator version: [1, 6], instead got version: [14]
2026-07-05 12:18:04,937 - 240 - WARNING - WARNING_OP_VERSION_NOT_SUPPORTED: Operation Relu Not Supported. Expected operator version: [1, 6], instead got version: [14]
2026-07-05 12:18:04,983 - 240 - WARNING - WARNING_OP_VERSION_NOT_SUPPORTED: Operation Relu Not Supported. Expected operator version: [1, 6], instead got version: [14]
2026-07-05 12:18:05,211 - 240 - WARNING - WARNING_OP_VERSION_NOT_SUPPORTED: Operation Relu Not Supported. Expected operator version: [1, 6], instead got version: [14]
2026-07-05 12:18:05,393 - 240 - WARNING - WARNING_OP_VERSION_NOT_SUPPORTED: Operation Relu Not Supported. Expected operator version: [1, 6], instead got version: [14]
2026-07-05 12:18:05,619 - 240 - WARNING - WARNING_OP_VERSION_NOT_SUPPORTED: Operation Relu Not Supported. Expected operator version: [1, 6], instead got version: [14]
2026-07-05 12:18:05,804 - 240 - WARNING - WARNING_OP_VERSION_NOT_SUPPORTED: Operation Relu Not Supported. Expected operator version: [1, 6], instead got version: [14]
2026-07-05 12:18:06,036 - 240 - WARNING - WARNING_OP_VERSION_NOT_SUPPORTED: Operation Relu Not Supported. Expected operator version: [1, 6], instead got version: [14]
2026-07-05 12:18:06,217 - 240 - WARNING - WARNING_OP_VERSION_NOT_SUPPORTED: Operation Relu Not Supported. Expected operator version: [1, 6], instead got version: [14]
2026-07-05 12:18:14,836 - 235 - INFO - Skipping quantization, no input_list provided
2026-07-05 12:18:14,837 - 235 - INFO - Saving QNN Model...
2026-07-05 12:18:15,419 - 235 - INFO - Model CPP saved at: /workspace/modules/fiboaistack_229_env/outputs/qnn_htp_rewrite_pad_constant/radio_map_liteunet_pad_constant_qnn.cpp 
2026-07-05 12:18:15,421 - 235 - INFO - Model BIN saved at: /workspace/modules/fiboaistack_229_env/outputs/qnn_htp_rewrite_pad_constant/radio_map_liteunet_pad_constant_qnn.bin 
2026-07-05 12:18:15,503 - 235 - INFO - Conversion complete!
== convert qnn int8 pad_constant ==
2026-07-05 12:18:31,290 - 235 - INFO - Input shape info 
2026-07-05 12:19:41,760 - 235 - INFO - user_provided_output is same as graph_output..skipping update_output_names call
2026-07-05 12:19:42,046 - 240 - WARNING - WARNING_OP_VERSION_NOT_SUPPORTED: Operation Relu Not Supported. Expected operator version: [1, 6], instead got version: [14]
2026-07-05 12:19:42,230 - 240 - WARNING - WARNING_OP_VERSION_NOT_SUPPORTED: Operation Relu Not Supported. Expected operator version: [1, 6], instead got version: [14]
2026-07-05 12:19:42,452 - 240 - WARNING - WARNING_OP_VERSION_NOT_SUPPORTED: Operation Relu Not Supported. Expected operator version: [1, 6], instead got version: [14]
2026-07-05 12:19:42,634 - 240 - WARNING - WARNING_OP_VERSION_NOT_SUPPORTED: Operation Relu Not Supported. Expected operator version: [1, 6], instead got version: [14]
2026-07-05 12:19:42,854 - 240 - WARNING - WARNING_OP_VERSION_NOT_SUPPORTED: Operation Relu Not Supported. Expected operator version: [1, 6], instead got version: [14]
2026-07-05 12:19:43,037 - 240 - WARNING - WARNING_OP_VERSION_NOT_SUPPORTED: Operation Relu Not Supported. Expected operator version: [1, 6], instead got version: [14]
2026-07-05 12:19:43,253 - 240 - WARNING - WARNING_OP_VERSION_NOT_SUPPORTED: Operation Relu Not Supported. Expected operator version: [1, 6], instead got version: [14]
2026-07-05 12:19:43,434 - 240 - WARNING - WARNING_OP_VERSION_NOT_SUPPORTED: Operation Relu Not Supported. Expected operator version: [1, 6], instead got version: [14]
2026-07-05 12:19:43,466 - 240 - WARNING - WARNING_OP_VERSION_NOT_SUPPORTED: Operation Relu Not Supported. Expected operator version: [1, 6], instead got version: [14]
2026-07-05 12:19:43,499 - 240 - WARNING - WARNING_OP_VERSION_NOT_SUPPORTED: Operation Relu Not Supported. Expected operator version: [1, 6], instead got version: [14]
2026-07-05 12:19:43,532 - 240 - WARNING - WARNING_OP_VERSION_NOT_SUPPORTED: Operation Relu Not Supported. Expected operator version: [1, 6], instead got version: [14]
2026-07-05 12:19:43,567 - 240 - WARNING - WARNING_OP_VERSION_NOT_SUPPORTED: Operation Relu Not Supported. Expected operator version: [1, 6], instead got version: [14]
2026-07-05 12:19:43,612 - 240 - WARNING - WARNING_OP_VERSION_NOT_SUPPORTED: Operation Relu Not Supported. Expected operator version: [1, 6], instead got version: [14]
2026-07-05 12:19:43,844 - 240 - WARNING - WARNING_OP_VERSION_NOT_SUPPORTED: Operation Relu Not Supported. Expected operator version: [1, 6], instead got version: [14]
2026-07-05 12:19:44,028 - 240 - WARNING - WARNING_OP_VERSION_NOT_SUPPORTED: Operation Relu Not Supported. Expected operator version: [1, 6], instead got version: [14]
2026-07-05 12:19:44,255 - 240 - WARNING - WARNING_OP_VERSION_NOT_SUPPORTED: Operation Relu Not Supported. Expected operator version: [1, 6], instead got version: [14]
2026-07-05 12:19:44,441 - 240 - WARNING - WARNING_OP_VERSION_NOT_SUPPORTED: Operation Relu Not Supported. Expected operator version: [1, 6], instead got version: [14]
2026-07-05 12:19:44,673 - 240 - WARNING - WARNING_OP_VERSION_NOT_SUPPORTED: Operation Relu Not Supported. Expected operator version: [1, 6], instead got version: [14]
2026-07-05 12:19:44,860 - 240 - WARNING - WARNING_OP_VERSION_NOT_SUPPORTED: Operation Relu Not Supported. Expected operator version: [1, 6], instead got version: [14]
2026-07-05 12:22:59,532 - 235 - INFO - Saving QNN Model...
2026-07-05 12:23:00,010 - 235 - INFO - Model CPP saved at: /workspace/modules/fiboaistack_229_env/outputs/qnn_htp_rewrite_pad_constant_int8/radio_map_liteunet_pad_constant_int8_qnn.cpp 
2026-07-05 12:23:00,011 - 235 - INFO - Model BIN saved at: /workspace/modules/fiboaistack_229_env/outputs/qnn_htp_rewrite_pad_constant_int8/radio_map_liteunet_pad_constant_int8_qnn.bin 
2026-07-05 12:23:00,092 - 235 - INFO - Conversion complete!
     7.2ms [  INFO ] Inferences will run in sync mode
    16.8ms [  INFO ] Initializing logging in the backend. Callback: [0x7f4ebc2d10], Log Level: [3]
    18.7ms [  INFO ] No BackendExtensions lib provided;initializing NetRunBackend Interface
    36.3ms [  INFO ] [QNN_CPU] CpuBackend creation start
    36.6ms [  INFO ] [QNN_CPU] CpuBackend creation end
    56.6ms [WARNING] Unable to find a device with NetRunDeviceKeyDefault in Library NetRunBackendLibKeyDefault
    56.8ms [WARNING] Profile Logger with name = defaultKey doesn't exist! Returning nullptr
    40.8ms [  INFO ] [QNN_CPU] QnnContext create start
    41.7ms [  INFO ] [QNN_CPU] QnnContext create end
    67.7ms [  INFO ] Entering QuantizeRuntimeApp flow
    68.9ms [WARNING] Profile Logger with name = defaultKey doesn't exist! Returning nullptr
    53.4ms [  INFO ] [QNN_CPU] CpuGraph creation start
    53.6ms [  INFO ] [QNN_CPU] CpuGraph creation end
    54.8ms [  INFO ] [QNN_CPU] QnnGraph create end
   281.3ms [  INFO ] [QNN_CPU] QnnGraph finalize start
   323.9ms [  INFO ] [QNN_CPU] QnnGraph finalize end
   374.1ms [  INFO ] [QNN_CPU] QnnGraph execute start
 46260.9ms [  INFO ] [QNN_CPU] QnnGraph execute end
 46218.9ms [  INFO ] cleaning up resources for input tensors
 46219.5ms [  INFO ] cleaning up resources for output tensors
 46323.5ms [  INFO ] [QNN_CPU] QnnGraph execute start
 92321.7ms [  INFO ] [QNN_CPU] QnnGraph execute end
 92272.9ms [  INFO ] cleaning up resources for input tensors
 92273.0ms [  INFO ] cleaning up resources for output tensors
 92377.2ms [  INFO ] [QNN_CPU] QnnGraph execute start
138221.0ms [  INFO ] [QNN_CPU] QnnGraph execute end
138172.4ms [  INFO ] cleaning up resources for input tensors
138172.6ms [  INFO ] cleaning up resources for output tensors
138276.3ms [  INFO ] [QNN_CPU] QnnGraph execute start
184186.7ms [  INFO ] [QNN_CPU] QnnGraph execute end
184138.4ms [  INFO ] cleaning up resources for input tensors
184138.6ms [  INFO ] cleaning up resources for output tensors
185244.5ms [  INFO ] Freeing graphsInfo
185245.1ms [WARNING] Profile Logger with name = defaultKey doesn't exist! Returning nullptr
185298.0ms [  INFO ] [QNN_CPU] QnnContext Free start
185423.1ms [  INFO ] [QNN_CPU] QnnContext Free end
185376.8ms [WARNING] Profile Logger with name = defaultKey doesn't exist!
185429.9ms [  INFO ] [QNN_CPU] QnnBackend Free start
185430.5ms [  INFO ] [QNN_CPU] QnnBackend Free end
