[sudo] password for fibo: == pad minimal dlc reflect_pad_conv ==
2026-07-05 12:59:15,385 - 235 - INFO - Input shape info 
2026-07-05 13:00:21,753 - 235 - INFO - INFO_INITIALIZATION_SUCCESS: 
2026-07-05 13:00:21,869 - 235 - INFO - INFO_CONVERSION_SUCCESS: Conversion completed successfully
2026-07-05 13:00:21,912 - 235 - INFO - INFO_WRITE_SUCCESS: 
== pad minimal dlc constant_pad_conv ==
2026-07-05 13:00:39,503 - 235 - INFO - Input shape info 
2026-07-05 13:01:36,909 - 235 - INFO - INFO_INITIALIZATION_SUCCESS: 
2026-07-05 13:01:37,010 - 235 - INFO - INFO_CONVERSION_SUCCESS: Conversion completed successfully
2026-07-05 13:01:37,050 - 235 - INFO - INFO_WRITE_SUCCESS: 
== pad minimal dlc builtin_pad_conv ==
2026-07-05 13:01:51,628 - 235 - INFO - Input shape info 
2026-07-05 13:02:48,934 - 235 - INFO - INFO_INITIALIZATION_SUCCESS: 
2026-07-05 13:02:49,030 - 235 - INFO - INFO_CONVERSION_SUCCESS: Conversion completed successfully
2026-07-05 13:02:49,070 - 235 - INFO - INFO_WRITE_SUCCESS: 
== pad minimal qnn reflect ==
2026-07-05 13:03:08,430 - 235 - INFO - Input shape info 
WARNING: The argument `input_shapes` is deprecated. Please use 
`overwrite_input_shapes` and/or `test_input_shapes` instead. An error will be 
raised in the future.
2026-07-05 13:04:13,143 - 235 - INFO - user_provided_output is same as graph_output..skipping update_output_names call
2026-07-05 13:04:13,610 - 235 - INFO - Skipping quantization, no input_list provided
2026-07-05 13:04:13,611 - 235 - INFO - Saving QNN Model...
2026-07-05 13:04:13,672 - 235 - INFO - Model CPP saved at: /workspace/modules/fiboaistack_229_env/outputs/pad_minimal_qnn/reflect_pad_conv/reflect_pad_conv_qnn.cpp 
2026-07-05 13:04:13,674 - 235 - INFO - Model BIN saved at: /workspace/modules/fiboaistack_229_env/outputs/pad_minimal_qnn/reflect_pad_conv/reflect_pad_conv_qnn.bin 
2026-07-05 13:04:13,702 - 235 - INFO - Conversion complete!
== pad minimal qnn constant ==
2026-07-05 13:04:28,035 - 235 - INFO - Input shape info 
WARNING: The argument `input_shapes` is deprecated. Please use 
`overwrite_input_shapes` and/or `test_input_shapes` instead. An error will be 
raised in the future.
2026-07-05 13:05:34,257 - 235 - INFO - user_provided_output is same as graph_output..skipping update_output_names call
2026-07-05 13:05:34,583 - 235 - INFO - Skipping quantization, no input_list provided
2026-07-05 13:05:34,585 - 235 - INFO - Saving QNN Model...
2026-07-05 13:05:34,638 - 235 - INFO - Model CPP saved at: /workspace/modules/fiboaistack_229_env/outputs/pad_minimal_qnn/constant_pad_conv/constant_pad_conv_qnn.cpp 
2026-07-05 13:05:34,641 - 235 - INFO - Model BIN saved at: /workspace/modules/fiboaistack_229_env/outputs/pad_minimal_qnn/constant_pad_conv/constant_pad_conv_qnn.bin 
2026-07-05 13:05:34,665 - 235 - INFO - Conversion complete!
== pad minimal qnn builtin ==
2026-07-05 13:05:50,010 - 235 - INFO - Input shape info 
WARNING: The argument `input_shapes` is deprecated. Please use 
`overwrite_input_shapes` and/or `test_input_shapes` instead. An error will be 
raised in the future.
2026-07-05 13:06:57,478 - 235 - INFO - user_provided_output is same as graph_output..skipping update_output_names call
2026-07-05 13:06:57,843 - 235 - INFO - Skipping quantization, no input_list provided
2026-07-05 13:06:57,844 - 235 - INFO - Saving QNN Model...
2026-07-05 13:06:57,903 - 235 - INFO - Model CPP saved at: /workspace/modules/fiboaistack_229_env/outputs/pad_minimal_qnn/builtin_pad_conv/builtin_pad_conv_qnn.cpp 
2026-07-05 13:06:57,906 - 235 - INFO - Model BIN saved at: /workspace/modules/fiboaistack_229_env/outputs/pad_minimal_qnn/builtin_pad_conv/builtin_pad_conv_qnn.bin 
2026-07-05 13:06:57,934 - 235 - INFO - Conversion complete!
== htp minimal qnn plain fp32 ==
2026-07-05 13:07:13,365 - 235 - INFO - Input shape info 
