== build modules/fiboaistack_229_env/outputs/pad_minimal_qnn/reflect_pad_conv ==
mkdir -p obj/aarch64-ubuntu-gcc9.4
/usr/bin/aarch64-linux-gnu-g++ -c -std=c++11 -D_UBUNTU_SOURCE -std=gnu++11 -fPIC -Wl,-lstdc++ -O3 -fno-exceptions -fno-rtti -Wno-write-strings -DQNN_API="__attribute__((visibility(\"default\")))" -fPIC -fvisibility=hidden -Ijni/ -I/home/fibo/fibocom_slz/modules/fiboaistack_229_env/outputs/qnn_model/qnn_sdk_subset/include/QNN jni/QnnWrapperUtils.cpp -o obj/aarch64-ubuntu-gcc9.4/QnnWrapperUtils.o
/usr/bin/aarch64-linux-gnu-g++ -c -std=c++11 -D_UBUNTU_SOURCE -std=gnu++11 -fPIC -Wl,-lstdc++ -O3 -fno-exceptions -fno-rtti -Wno-write-strings -DQNN_API="__attribute__((visibility(\"default\")))" -fPIC -fvisibility=hidden -Ijni/ -I/home/fibo/fibocom_slz/modules/fiboaistack_229_env/outputs/qnn_model/qnn_sdk_subset/include/QNN jni/QnnModelPal.cpp -o obj/aarch64-ubuntu-gcc9.4/QnnModelPal.o
/usr/bin/aarch64-linux-gnu-g++ -c -std=c++11 -D_UBUNTU_SOURCE -std=gnu++11 -fPIC -Wl,-lstdc++ -O3 -fno-exceptions -fno-rtti -Wno-write-strings -DQNN_API="__attribute__((visibility(\"default\")))" -fPIC -fvisibility=hidden -Ijni/ -I/home/fibo/fibocom_slz/modules/fiboaistack_229_env/outputs/qnn_model/qnn_sdk_subset/include/QNN jni/QnnModel.cpp -o obj/aarch64-ubuntu-gcc9.4/QnnModel.o
In file included from /usr/aarch64-linux-gnu/include/stdio.h:867,
                 from /usr/include/c++/9/cstdio:42,
                 from /usr/include/c++/9/ext/string_conversions.h:43,
                 from /usr/include/c++/9/bits/basic_string.h:6496,
                 from /usr/include/c++/9/string:55,
                 from /usr/include/c++/9/stdexcept:39,
                 from /usr/include/c++/9/array:39,
                 from /usr/include/c++/9/tuple:39,
                 from /usr/include/c++/9/bits/stl_map.h:63,
                 from /usr/include/c++/9/map:61,
                 from jni/QnnModel.hpp:13,
                 from jni/QnnModel.cpp:15:
In function ‘int printf(const char*, ...)’,
    inlined from ‘qnn_wrapper_api::ModelError_t qnn_wrapper_api::QnnModel::addNode(Qnn_OpConfigVersion_t, const char*, const char*, const char*, Qnn_Param_t*, uint32_t, const char**, uint32_t, Qnn_Tensor_t*, uint32_t)’ at jni/QnnWrapperUtils.hpp:147:5:
/usr/aarch64-linux-gnu/include/bits/stdio2.h:107:23: warning: ‘%s’ directive argument is null [-Wformat-overflow=]
  107 |   return __printf_chk (__USE_FORTIFY_LEVEL - 1, __fmt, __va_arg_pack ());
      |          ~~~~~~~~~~~~~^~~~~~~~~~~~~~~~~~~~~~~~~~~~~~~~~~~~~~~~~~~~~~~~~~
/usr/bin/aarch64-linux-gnu-g++ -c -std=c++11 -D_UBUNTU_SOURCE -std=gnu++11 -fPIC -Wl,-lstdc++ -O3 -fno-exceptions -fno-rtti -Wno-write-strings -DQNN_API="__attribute__((visibility(\"default\")))" -fPIC -fvisibility=hidden -Ijni/ -I/home/fibo/fibocom_slz/modules/fiboaistack_229_env/outputs/qnn_model/qnn_sdk_subset/include/QNN jni/reflect_pad_conv_qnn.cpp -o obj/aarch64-ubuntu-gcc9.4/reflect_pad_conv_qnn.o
mkdir -p obj/binary/aarch64-ubuntu-gcc9.4
touch obj/binary/extractbinary
touch obj/binary/aarch64-ubuntu-gcc9.4/objcopyDone
mkdir -p libs/aarch64-ubuntu-gcc9.4
modules/fiboaistack_229_env/outputs/pad_minimal_qnn/reflect_pad_conv/host_build/libs/aarch64-ubuntu-gcc9.4/libreflect_pad_conv_qnn.so 39080 bytes
== build modules/fiboaistack_229_env/outputs/pad_minimal_qnn/constant_pad_conv ==
mkdir -p obj/aarch64-ubuntu-gcc9.4
/usr/bin/aarch64-linux-gnu-g++ -c -std=c++11 -D_UBUNTU_SOURCE -std=gnu++11 -fPIC -Wl,-lstdc++ -O3 -fno-exceptions -fno-rtti -Wno-write-strings -DQNN_API="__attribute__((visibility(\"default\")))" -fPIC -fvisibility=hidden -Ijni/ -I/home/fibo/fibocom_slz/modules/fiboaistack_229_env/outputs/qnn_model/qnn_sdk_subset/include/QNN jni/QnnWrapperUtils.cpp -o obj/aarch64-ubuntu-gcc9.4/QnnWrapperUtils.o
/usr/bin/aarch64-linux-gnu-g++ -c -std=c++11 -D_UBUNTU_SOURCE -std=gnu++11 -fPIC -Wl,-lstdc++ -O3 -fno-exceptions -fno-rtti -Wno-write-strings -DQNN_API="__attribute__((visibility(\"default\")))" -fPIC -fvisibility=hidden -Ijni/ -I/home/fibo/fibocom_slz/modules/fiboaistack_229_env/outputs/qnn_model/qnn_sdk_subset/include/QNN jni/QnnModelPal.cpp -o obj/aarch64-ubuntu-gcc9.4/QnnModelPal.o
/usr/bin/aarch64-linux-gnu-g++ -c -std=c++11 -D_UBUNTU_SOURCE -std=gnu++11 -fPIC -Wl,-lstdc++ -O3 -fno-exceptions -fno-rtti -Wno-write-strings -DQNN_API="__attribute__((visibility(\"default\")))" -fPIC -fvisibility=hidden -Ijni/ -I/home/fibo/fibocom_slz/modules/fiboaistack_229_env/outputs/qnn_model/qnn_sdk_subset/include/QNN jni/QnnModel.cpp -o obj/aarch64-ubuntu-gcc9.4/QnnModel.o
In file included from /usr/aarch64-linux-gnu/include/stdio.h:867,
                 from /usr/include/c++/9/cstdio:42,
                 from /usr/include/c++/9/ext/string_conversions.h:43,
                 from /usr/include/c++/9/bits/basic_string.h:6496,
                 from /usr/include/c++/9/string:55,
                 from /usr/include/c++/9/stdexcept:39,
                 from /usr/include/c++/9/array:39,
                 from /usr/include/c++/9/tuple:39,
                 from /usr/include/c++/9/bits/stl_map.h:63,
                 from /usr/include/c++/9/map:61,
                 from jni/QnnModel.hpp:13,
                 from jni/QnnModel.cpp:15:
In function ‘int printf(const char*, ...)’,
    inlined from ‘qnn_wrapper_api::ModelError_t qnn_wrapper_api::QnnModel::addNode(Qnn_OpConfigVersion_t, const char*, const char*, const char*, Qnn_Param_t*, uint32_t, const char**, uint32_t, Qnn_Tensor_t*, uint32_t)’ at jni/QnnWrapperUtils.hpp:147:5:
/usr/aarch64-linux-gnu/include/bits/stdio2.h:107:23: warning: ‘%s’ directive argument is null [-Wformat-overflow=]
  107 |   return __printf_chk (__USE_FORTIFY_LEVEL - 1, __fmt, __va_arg_pack ());
      |          ~~~~~~~~~~~~~^~~~~~~~~~~~~~~~~~~~~~~~~~~~~~~~~~~~~~~~~~~~~~~~~~
/usr/bin/aarch64-linux-gnu-g++ -c -std=c++11 -D_UBUNTU_SOURCE -std=gnu++11 -fPIC -Wl,-lstdc++ -O3 -fno-exceptions -fno-rtti -Wno-write-strings -DQNN_API="__attribute__((visibility(\"default\")))" -fPIC -fvisibility=hidden -Ijni/ -I/home/fibo/fibocom_slz/modules/fiboaistack_229_env/outputs/qnn_model/qnn_sdk_subset/include/QNN jni/constant_pad_conv_qnn.cpp -o obj/aarch64-ubuntu-gcc9.4/constant_pad_conv_qnn.o
mkdir -p obj/binary/aarch64-ubuntu-gcc9.4
touch obj/binary/extractbinary
touch obj/binary/aarch64-ubuntu-gcc9.4/objcopyDone
mkdir -p libs/aarch64-ubuntu-gcc9.4
modules/fiboaistack_229_env/outputs/pad_minimal_qnn/constant_pad_conv/host_build/libs/aarch64-ubuntu-gcc9.4/libconstant_pad_conv_qnn.so 39080 bytes
== build modules/fiboaistack_229_env/outputs/pad_minimal_qnn/builtin_pad_conv ==
mkdir -p obj/aarch64-ubuntu-gcc9.4
/usr/bin/aarch64-linux-gnu-g++ -c -std=c++11 -D_UBUNTU_SOURCE -std=gnu++11 -fPIC -Wl,-lstdc++ -O3 -fno-exceptions -fno-rtti -Wno-write-strings -DQNN_API="__attribute__((visibility(\"default\")))" -fPIC -fvisibility=hidden -Ijni/ -I/home/fibo/fibocom_slz/modules/fiboaistack_229_env/outputs/qnn_model/qnn_sdk_subset/include/QNN jni/QnnWrapperUtils.cpp -o obj/aarch64-ubuntu-gcc9.4/QnnWrapperUtils.o
/usr/bin/aarch64-linux-gnu-g++ -c -std=c++11 -D_UBUNTU_SOURCE -std=gnu++11 -fPIC -Wl,-lstdc++ -O3 -fno-exceptions -fno-rtti -Wno-write-strings -DQNN_API="__attribute__((visibility(\"default\")))" -fPIC -fvisibility=hidden -Ijni/ -I/home/fibo/fibocom_slz/modules/fiboaistack_229_env/outputs/qnn_model/qnn_sdk_subset/include/QNN jni/QnnModelPal.cpp -o obj/aarch64-ubuntu-gcc9.4/QnnModelPal.o
/usr/bin/aarch64-linux-gnu-g++ -c -std=c++11 -D_UBUNTU_SOURCE -std=gnu++11 -fPIC -Wl,-lstdc++ -O3 -fno-exceptions -fno-rtti -Wno-write-strings -DQNN_API="__attribute__((visibility(\"default\")))" -fPIC -fvisibility=hidden -Ijni/ -I/home/fibo/fibocom_slz/modules/fiboaistack_229_env/outputs/qnn_model/qnn_sdk_subset/include/QNN jni/QnnModel.cpp -o obj/aarch64-ubuntu-gcc9.4/QnnModel.o
In file included from /usr/aarch64-linux-gnu/include/stdio.h:867,
                 from /usr/include/c++/9/cstdio:42,
                 from /usr/include/c++/9/ext/string_conversions.h:43,
                 from /usr/include/c++/9/bits/basic_string.h:6496,
                 from /usr/include/c++/9/string:55,
                 from /usr/include/c++/9/stdexcept:39,
                 from /usr/include/c++/9/array:39,
                 from /usr/include/c++/9/tuple:39,
                 from /usr/include/c++/9/bits/stl_map.h:63,
                 from /usr/include/c++/9/map:61,
                 from jni/QnnModel.hpp:13,
                 from jni/QnnModel.cpp:15:
In function ‘int printf(const char*, ...)’,
    inlined from ‘qnn_wrapper_api::ModelError_t qnn_wrapper_api::QnnModel::addNode(Qnn_OpConfigVersion_t, const char*, const char*, const char*, Qnn_Param_t*, uint32_t, const char**, uint32_t, Qnn_Tensor_t*, uint32_t)’ at jni/QnnWrapperUtils.hpp:147:5:
/usr/aarch64-linux-gnu/include/bits/stdio2.h:107:23: warning: ‘%s’ directive argument is null [-Wformat-overflow=]
  107 |   return __printf_chk (__USE_FORTIFY_LEVEL - 1, __fmt, __va_arg_pack ());
      |          ~~~~~~~~~~~~~^~~~~~~~~~~~~~~~~~~~~~~~~~~~~~~~~~~~~~~~~~~~~~~~~~
/usr/bin/aarch64-linux-gnu-g++ -c -std=c++11 -D_UBUNTU_SOURCE -std=gnu++11 -fPIC -Wl,-lstdc++ -O3 -fno-exceptions -fno-rtti -Wno-write-strings -DQNN_API="__attribute__((visibility(\"default\")))" -fPIC -fvisibility=hidden -Ijni/ -I/home/fibo/fibocom_slz/modules/fiboaistack_229_env/outputs/qnn_model/qnn_sdk_subset/include/QNN jni/builtin_pad_conv_qnn.cpp -o obj/aarch64-ubuntu-gcc9.4/builtin_pad_conv_qnn.o
mkdir -p obj/binary/aarch64-ubuntu-gcc9.4
touch obj/binary/extractbinary
touch obj/binary/aarch64-ubuntu-gcc9.4/objcopyDone
mkdir -p libs/aarch64-ubuntu-gcc9.4
modules/fiboaistack_229_env/outputs/pad_minimal_qnn/builtin_pad_conv/host_build/libs/aarch64-ubuntu-gcc9.4/libbuiltin_pad_conv_qnn.so 39080 bytes
== build modules/fiboaistack_229_env/outputs/htp_cdsp_minimal_qnn/plain_conv ==
mkdir -p obj/aarch64-ubuntu-gcc9.4
/usr/bin/aarch64-linux-gnu-g++ -c -std=c++11 -D_UBUNTU_SOURCE -std=gnu++11 -fPIC -Wl,-lstdc++ -O3 -fno-exceptions -fno-rtti -Wno-write-strings -DQNN_API="__attribute__((visibility(\"default\")))" -fPIC -fvisibility=hidden -Ijni/ -I/home/fibo/fibocom_slz/modules/fiboaistack_229_env/outputs/qnn_model/qnn_sdk_subset/include/QNN jni/QnnWrapperUtils.cpp -o obj/aarch64-ubuntu-gcc9.4/QnnWrapperUtils.o
/usr/bin/aarch64-linux-gnu-g++ -c -std=c++11 -D_UBUNTU_SOURCE -std=gnu++11 -fPIC -Wl,-lstdc++ -O3 -fno-exceptions -fno-rtti -Wno-write-strings -DQNN_API="__attribute__((visibility(\"default\")))" -fPIC -fvisibility=hidden -Ijni/ -I/home/fibo/fibocom_slz/modules/fiboaistack_229_env/outputs/qnn_model/qnn_sdk_subset/include/QNN jni/plain_conv_qnn.cpp -o obj/aarch64-ubuntu-gcc9.4/plain_conv_qnn.o
/usr/bin/aarch64-linux-gnu-g++ -c -std=c++11 -D_UBUNTU_SOURCE -std=gnu++11 -fPIC -Wl,-lstdc++ -O3 -fno-exceptions -fno-rtti -Wno-write-strings -DQNN_API="__attribute__((visibility(\"default\")))" -fPIC -fvisibility=hidden -Ijni/ -I/home/fibo/fibocom_slz/modules/fiboaistack_229_env/outputs/qnn_model/qnn_sdk_subset/include/QNN jni/QnnModelPal.cpp -o obj/aarch64-ubuntu-gcc9.4/QnnModelPal.o
/usr/bin/aarch64-linux-gnu-g++ -c -std=c++11 -D_UBUNTU_SOURCE -std=gnu++11 -fPIC -Wl,-lstdc++ -O3 -fno-exceptions -fno-rtti -Wno-write-strings -DQNN_API="__attribute__((visibility(\"default\")))" -fPIC -fvisibility=hidden -Ijni/ -I/home/fibo/fibocom_slz/modules/fiboaistack_229_env/outputs/qnn_model/qnn_sdk_subset/include/QNN jni/QnnModel.cpp -o obj/aarch64-ubuntu-gcc9.4/QnnModel.o
In file included from /usr/aarch64-linux-gnu/include/stdio.h:867,
                 from /usr/include/c++/9/cstdio:42,
                 from /usr/include/c++/9/ext/string_conversions.h:43,
                 from /usr/include/c++/9/bits/basic_string.h:6496,
                 from /usr/include/c++/9/string:55,
                 from /usr/include/c++/9/stdexcept:39,
                 from /usr/include/c++/9/array:39,
                 from /usr/include/c++/9/tuple:39,
                 from /usr/include/c++/9/bits/stl_map.h:63,
                 from /usr/include/c++/9/map:61,
                 from jni/QnnModel.hpp:13,
                 from jni/QnnModel.cpp:15:
In function ‘int printf(const char*, ...)’,
    inlined from ‘qnn_wrapper_api::ModelError_t qnn_wrapper_api::QnnModel::addNode(Qnn_OpConfigVersion_t, const char*, const char*, const char*, Qnn_Param_t*, uint32_t, const char**, uint32_t, Qnn_Tensor_t*, uint32_t)’ at jni/QnnWrapperUtils.hpp:147:5:
/usr/aarch64-linux-gnu/include/bits/stdio2.h:107:23: warning: ‘%s’ directive argument is null [-Wformat-overflow=]
  107 |   return __printf_chk (__USE_FORTIFY_LEVEL - 1, __fmt, __va_arg_pack ());
      |          ~~~~~~~~~~~~~^~~~~~~~~~~~~~~~~~~~~~~~~~~~~~~~~~~~~~~~~~~~~~~~~~
mkdir -p obj/binary/aarch64-ubuntu-gcc9.4
touch obj/binary/extractbinary
touch obj/binary/aarch64-ubuntu-gcc9.4/objcopyDone
mkdir -p libs/aarch64-ubuntu-gcc9.4
modules/fiboaistack_229_env/outputs/htp_cdsp_minimal_qnn/plain_conv/host_build/libs/aarch64-ubuntu-gcc9.4/libplain_conv_qnn.so 39600 bytes
== build modules/fiboaistack_229_env/outputs/htp_cdsp_minimal_qnn/depthwise_conv ==
mkdir -p obj/aarch64-ubuntu-gcc9.4
/usr/bin/aarch64-linux-gnu-g++ -c -std=c++11 -D_UBUNTU_SOURCE -std=gnu++11 -fPIC -Wl,-lstdc++ -O3 -fno-exceptions -fno-rtti -Wno-write-strings -DQNN_API="__attribute__((visibility(\"default\")))" -fPIC -fvisibility=hidden -Ijni/ -I/home/fibo/fibocom_slz/modules/fiboaistack_229_env/outputs/qnn_model/qnn_sdk_subset/include/QNN jni/depthwise_conv_qnn.cpp -o obj/aarch64-ubuntu-gcc9.4/depthwise_conv_qnn.o
/usr/bin/aarch64-linux-gnu-g++ -c -std=c++11 -D_UBUNTU_SOURCE -std=gnu++11 -fPIC -Wl,-lstdc++ -O3 -fno-exceptions -fno-rtti -Wno-write-strings -DQNN_API="__attribute__((visibility(\"default\")))" -fPIC -fvisibility=hidden -Ijni/ -I/home/fibo/fibocom_slz/modules/fiboaistack_229_env/outputs/qnn_model/qnn_sdk_subset/include/QNN jni/QnnWrapperUtils.cpp -o obj/aarch64-ubuntu-gcc9.4/QnnWrapperUtils.o
/usr/bin/aarch64-linux-gnu-g++ -c -std=c++11 -D_UBUNTU_SOURCE -std=gnu++11 -fPIC -Wl,-lstdc++ -O3 -fno-exceptions -fno-rtti -Wno-write-strings -DQNN_API="__attribute__((visibility(\"default\")))" -fPIC -fvisibility=hidden -Ijni/ -I/home/fibo/fibocom_slz/modules/fiboaistack_229_env/outputs/qnn_model/qnn_sdk_subset/include/QNN jni/QnnModelPal.cpp -o obj/aarch64-ubuntu-gcc9.4/QnnModelPal.o
/usr/bin/aarch64-linux-gnu-g++ -c -std=c++11 -D_UBUNTU_SOURCE -std=gnu++11 -fPIC -Wl,-lstdc++ -O3 -fno-exceptions -fno-rtti -Wno-write-strings -DQNN_API="__attribute__((visibility(\"default\")))" -fPIC -fvisibility=hidden -Ijni/ -I/home/fibo/fibocom_slz/modules/fiboaistack_229_env/outputs/qnn_model/qnn_sdk_subset/include/QNN jni/QnnModel.cpp -o obj/aarch64-ubuntu-gcc9.4/QnnModel.o
In file included from /usr/aarch64-linux-gnu/include/stdio.h:867,
                 from /usr/include/c++/9/cstdio:42,
                 from /usr/include/c++/9/ext/string_conversions.h:43,
                 from /usr/include/c++/9/bits/basic_string.h:6496,
                 from /usr/include/c++/9/string:55,
                 from /usr/include/c++/9/stdexcept:39,
                 from /usr/include/c++/9/array:39,
                 from /usr/include/c++/9/tuple:39,
                 from /usr/include/c++/9/bits/stl_map.h:63,
                 from /usr/include/c++/9/map:61,
                 from jni/QnnModel.hpp:13,
                 from jni/QnnModel.cpp:15:
In function ‘int printf(const char*, ...)’,
    inlined from ‘qnn_wrapper_api::ModelError_t qnn_wrapper_api::QnnModel::addNode(Qnn_OpConfigVersion_t, const char*, const char*, const char*, Qnn_Param_t*, uint32_t, const char**, uint32_t, Qnn_Tensor_t*, uint32_t)’ at jni/QnnWrapperUtils.hpp:147:5:
/usr/aarch64-linux-gnu/include/bits/stdio2.h:107:23: warning: ‘%s’ directive argument is null [-Wformat-overflow=]
  107 |   return __printf_chk (__USE_FORTIFY_LEVEL - 1, __fmt, __va_arg_pack ());
      |          ~~~~~~~~~~~~~^~~~~~~~~~~~~~~~~~~~~~~~~~~~~~~~~~~~~~~~~~~~~~~~~~
mkdir -p obj/binary/aarch64-ubuntu-gcc9.4
touch obj/binary/extractbinary
touch obj/binary/aarch64-ubuntu-gcc9.4/objcopyDone
mkdir -p libs/aarch64-ubuntu-gcc9.4
modules/fiboaistack_229_env/outputs/htp_cdsp_minimal_qnn/depthwise_conv/host_build/libs/aarch64-ubuntu-gcc9.4/libdepthwise_conv_qnn.so 39200 bytes
== build modules/fiboaistack_229_env/outputs/htp_cdsp_minimal_qnn/qdq_int8_conv ==
mkdir -p obj/aarch64-ubuntu-gcc9.4
/usr/bin/aarch64-linux-gnu-g++ -c -std=c++11 -D_UBUNTU_SOURCE -std=gnu++11 -fPIC -Wl,-lstdc++ -O3 -fno-exceptions -fno-rtti -Wno-write-strings -DQNN_API="__attribute__((visibility(\"default\")))" -fPIC -fvisibility=hidden -Ijni/ -I/home/fibo/fibocom_slz/modules/fiboaistack_229_env/outputs/qnn_model/qnn_sdk_subset/include/QNN jni/QnnWrapperUtils.cpp -o obj/aarch64-ubuntu-gcc9.4/QnnWrapperUtils.o
/usr/bin/aarch64-linux-gnu-g++ -c -std=c++11 -D_UBUNTU_SOURCE -std=gnu++11 -fPIC -Wl,-lstdc++ -O3 -fno-exceptions -fno-rtti -Wno-write-strings -DQNN_API="__attribute__((visibility(\"default\")))" -fPIC -fvisibility=hidden -Ijni/ -I/home/fibo/fibocom_slz/modules/fiboaistack_229_env/outputs/qnn_model/qnn_sdk_subset/include/QNN jni/QnnModelPal.cpp -o obj/aarch64-ubuntu-gcc9.4/QnnModelPal.o
/usr/bin/aarch64-linux-gnu-g++ -c -std=c++11 -D_UBUNTU_SOURCE -std=gnu++11 -fPIC -Wl,-lstdc++ -O3 -fno-exceptions -fno-rtti -Wno-write-strings -DQNN_API="__attribute__((visibility(\"default\")))" -fPIC -fvisibility=hidden -Ijni/ -I/home/fibo/fibocom_slz/modules/fiboaistack_229_env/outputs/qnn_model/qnn_sdk_subset/include/QNN jni/QnnModel.cpp -o obj/aarch64-ubuntu-gcc9.4/QnnModel.o
In file included from /usr/aarch64-linux-gnu/include/stdio.h:867,
                 from /usr/include/c++/9/cstdio:42,
                 from /usr/include/c++/9/ext/string_conversions.h:43,
                 from /usr/include/c++/9/bits/basic_string.h:6496,
                 from /usr/include/c++/9/string:55,
                 from /usr/include/c++/9/stdexcept:39,
                 from /usr/include/c++/9/array:39,
                 from /usr/include/c++/9/tuple:39,
                 from /usr/include/c++/9/bits/stl_map.h:63,
                 from /usr/include/c++/9/map:61,
                 from jni/QnnModel.hpp:13,
                 from jni/QnnModel.cpp:15:
In function ‘int printf(const char*, ...)’,
    inlined from ‘qnn_wrapper_api::ModelError_t qnn_wrapper_api::QnnModel::addNode(Qnn_OpConfigVersion_t, const char*, const char*, const char*, Qnn_Param_t*, uint32_t, const char**, uint32_t, Qnn_Tensor_t*, uint32_t)’ at jni/QnnWrapperUtils.hpp:147:5:
/usr/aarch64-linux-gnu/include/bits/stdio2.h:107:23: warning: ‘%s’ directive argument is null [-Wformat-overflow=]
  107 |   return __printf_chk (__USE_FORTIFY_LEVEL - 1, __fmt, __va_arg_pack ());
      |          ~~~~~~~~~~~~~^~~~~~~~~~~~~~~~~~~~~~~~~~~~~~~~~~~~~~~~~~~~~~~~~~
/usr/bin/aarch64-linux-gnu-g++ -c -std=c++11 -D_UBUNTU_SOURCE -std=gnu++11 -fPIC -Wl,-lstdc++ -O3 -fno-exceptions -fno-rtti -Wno-write-strings -DQNN_API="__attribute__((visibility(\"default\")))" -fPIC -fvisibility=hidden -Ijni/ -I/home/fibo/fibocom_slz/modules/fiboaistack_229_env/outputs/qnn_model/qnn_sdk_subset/include/QNN jni/qdq_int8_conv_qnn.cpp -o obj/aarch64-ubuntu-gcc9.4/qdq_int8_conv_qnn.o
mkdir -p obj/binary/aarch64-ubuntu-gcc9.4
touch obj/binary/extractbinary
touch obj/binary/aarch64-ubuntu-gcc9.4/objcopyDone
mkdir -p libs/aarch64-ubuntu-gcc9.4
modules/fiboaistack_229_env/outputs/htp_cdsp_minimal_qnn/qdq_int8_conv/host_build/libs/aarch64-ubuntu-gcc9.4/libqdq_int8_conv_qnn.so 39600 bytes
== build modules/fiboaistack_229_env/outputs/htp_cdsp_minimal_qnn/plain_conv_int8 ==
mkdir -p obj/aarch64-ubuntu-gcc9.4
/usr/bin/aarch64-linux-gnu-g++ -c -std=c++11 -D_UBUNTU_SOURCE -std=gnu++11 -fPIC -Wl,-lstdc++ -O3 -fno-exceptions -fno-rtti -Wno-write-strings -DQNN_API="__attribute__((visibility(\"default\")))" -fPIC -fvisibility=hidden -Ijni/ -I/home/fibo/fibocom_slz/modules/fiboaistack_229_env/outputs/qnn_model/qnn_sdk_subset/include/QNN jni/QnnWrapperUtils.cpp -o obj/aarch64-ubuntu-gcc9.4/QnnWrapperUtils.o
/usr/bin/aarch64-linux-gnu-g++ -c -std=c++11 -D_UBUNTU_SOURCE -std=gnu++11 -fPIC -Wl,-lstdc++ -O3 -fno-exceptions -fno-rtti -Wno-write-strings -DQNN_API="__attribute__((visibility(\"default\")))" -fPIC -fvisibility=hidden -Ijni/ -I/home/fibo/fibocom_slz/modules/fiboaistack_229_env/outputs/qnn_model/qnn_sdk_subset/include/QNN jni/QnnModelPal.cpp -o obj/aarch64-ubuntu-gcc9.4/QnnModelPal.o
/usr/bin/aarch64-linux-gnu-g++ -c -std=c++11 -D_UBUNTU_SOURCE -std=gnu++11 -fPIC -Wl,-lstdc++ -O3 -fno-exceptions -fno-rtti -Wno-write-strings -DQNN_API="__attribute__((visibility(\"default\")))" -fPIC -fvisibility=hidden -Ijni/ -I/home/fibo/fibocom_slz/modules/fiboaistack_229_env/outputs/qnn_model/qnn_sdk_subset/include/QNN jni/QnnModel.cpp -o obj/aarch64-ubuntu-gcc9.4/QnnModel.o
In file included from /usr/aarch64-linux-gnu/include/stdio.h:867,
                 from /usr/include/c++/9/cstdio:42,
                 from /usr/include/c++/9/ext/string_conversions.h:43,
                 from /usr/include/c++/9/bits/basic_string.h:6496,
                 from /usr/include/c++/9/string:55,
                 from /usr/include/c++/9/stdexcept:39,
                 from /usr/include/c++/9/array:39,
                 from /usr/include/c++/9/tuple:39,
                 from /usr/include/c++/9/bits/stl_map.h:63,
                 from /usr/include/c++/9/map:61,
                 from jni/QnnModel.hpp:13,
                 from jni/QnnModel.cpp:15:
In function ‘int printf(const char*, ...)’,
    inlined from ‘qnn_wrapper_api::ModelError_t qnn_wrapper_api::QnnModel::addNode(Qnn_OpConfigVersion_t, const char*, const char*, const char*, Qnn_Param_t*, uint32_t, const char**, uint32_t, Qnn_Tensor_t*, uint32_t)’ at jni/QnnWrapperUtils.hpp:147:5:
/usr/aarch64-linux-gnu/include/bits/stdio2.h:107:23: warning: ‘%s’ directive argument is null [-Wformat-overflow=]
  107 |   return __printf_chk (__USE_FORTIFY_LEVEL - 1, __fmt, __va_arg_pack ());
      |          ~~~~~~~~~~~~~^~~~~~~~~~~~~~~~~~~~~~~~~~~~~~~~~~~~~~~~~~~~~~~~~~
/usr/bin/aarch64-linux-gnu-g++ -c -std=c++11 -D_UBUNTU_SOURCE -std=gnu++11 -fPIC -Wl,-lstdc++ -O3 -fno-exceptions -fno-rtti -Wno-write-strings -DQNN_API="__attribute__((visibility(\"default\")))" -fPIC -fvisibility=hidden -Ijni/ -I/home/fibo/fibocom_slz/modules/fiboaistack_229_env/outputs/qnn_model/qnn_sdk_subset/include/QNN jni/plain_conv_int8_qnn.cpp -o obj/aarch64-ubuntu-gcc9.4/plain_conv_int8_qnn.o
mkdir -p obj/binary/aarch64-ubuntu-gcc9.4
touch obj/binary/extractbinary
touch obj/binary/aarch64-ubuntu-gcc9.4/objcopyDone
mkdir -p libs/aarch64-ubuntu-gcc9.4
modules/fiboaistack_229_env/outputs/htp_cdsp_minimal_qnn/plain_conv_int8/host_build/libs/aarch64-ubuntu-gcc9.4/libplain_conv_int8_qnn.so 39184 bytes
== build modules/fiboaistack_229_env/outputs/htp_cdsp_minimal_qnn/depthwise_conv_int8 ==
mkdir -p obj/aarch64-ubuntu-gcc9.4
/usr/bin/aarch64-linux-gnu-g++ -c -std=c++11 -D_UBUNTU_SOURCE -std=gnu++11 -fPIC -Wl,-lstdc++ -O3 -fno-exceptions -fno-rtti -Wno-write-strings -DQNN_API="__attribute__((visibility(\"default\")))" -fPIC -fvisibility=hidden -Ijni/ -I/home/fibo/fibocom_slz/modules/fiboaistack_229_env/outputs/qnn_model/qnn_sdk_subset/include/QNN jni/depthwise_conv_int8_qnn.cpp -o obj/aarch64-ubuntu-gcc9.4/depthwise_conv_int8_qnn.o
/usr/bin/aarch64-linux-gnu-g++ -c -std=c++11 -D_UBUNTU_SOURCE -std=gnu++11 -fPIC -Wl,-lstdc++ -O3 -fno-exceptions -fno-rtti -Wno-write-strings -DQNN_API="__attribute__((visibility(\"default\")))" -fPIC -fvisibility=hidden -Ijni/ -I/home/fibo/fibocom_slz/modules/fiboaistack_229_env/outputs/qnn_model/qnn_sdk_subset/include/QNN jni/QnnWrapperUtils.cpp -o obj/aarch64-ubuntu-gcc9.4/QnnWrapperUtils.o
/usr/bin/aarch64-linux-gnu-g++ -c -std=c++11 -D_UBUNTU_SOURCE -std=gnu++11 -fPIC -Wl,-lstdc++ -O3 -fno-exceptions -fno-rtti -Wno-write-strings -DQNN_API="__attribute__((visibility(\"default\")))" -fPIC -fvisibility=hidden -Ijni/ -I/home/fibo/fibocom_slz/modules/fiboaistack_229_env/outputs/qnn_model/qnn_sdk_subset/include/QNN jni/QnnModelPal.cpp -o obj/aarch64-ubuntu-gcc9.4/QnnModelPal.o
/usr/bin/aarch64-linux-gnu-g++ -c -std=c++11 -D_UBUNTU_SOURCE -std=gnu++11 -fPIC -Wl,-lstdc++ -O3 -fno-exceptions -fno-rtti -Wno-write-strings -DQNN_API="__attribute__((visibility(\"default\")))" -fPIC -fvisibility=hidden -Ijni/ -I/home/fibo/fibocom_slz/modules/fiboaistack_229_env/outputs/qnn_model/qnn_sdk_subset/include/QNN jni/QnnModel.cpp -o obj/aarch64-ubuntu-gcc9.4/QnnModel.o
In file included from /usr/aarch64-linux-gnu/include/stdio.h:867,
                 from /usr/include/c++/9/cstdio:42,
                 from /usr/include/c++/9/ext/string_conversions.h:43,
                 from /usr/include/c++/9/bits/basic_string.h:6496,
                 from /usr/include/c++/9/string:55,
                 from /usr/include/c++/9/stdexcept:39,
                 from /usr/include/c++/9/array:39,
                 from /usr/include/c++/9/tuple:39,
                 from /usr/include/c++/9/bits/stl_map.h:63,
                 from /usr/include/c++/9/map:61,
                 from jni/QnnModel.hpp:13,
                 from jni/QnnModel.cpp:15:
In function ‘int printf(const char*, ...)’,
    inlined from ‘qnn_wrapper_api::ModelError_t qnn_wrapper_api::QnnModel::addNode(Qnn_OpConfigVersion_t, const char*, const char*, const char*, Qnn_Param_t*, uint32_t, const char**, uint32_t, Qnn_Tensor_t*, uint32_t)’ at jni/QnnWrapperUtils.hpp:147:5:
/usr/aarch64-linux-gnu/include/bits/stdio2.h:107:23: warning: ‘%s’ directive argument is null [-Wformat-overflow=]
  107 |   return __printf_chk (__USE_FORTIFY_LEVEL - 1, __fmt, __va_arg_pack ());
      |          ~~~~~~~~~~~~~^~~~~~~~~~~~~~~~~~~~~~~~~~~~~~~~~~~~~~~~~~~~~~~~~~
mkdir -p obj/binary/aarch64-ubuntu-gcc9.4
touch obj/binary/extractbinary
touch obj/binary/aarch64-ubuntu-gcc9.4/objcopyDone
mkdir -p libs/aarch64-ubuntu-gcc9.4
modules/fiboaistack_229_env/outputs/htp_cdsp_minimal_qnn/depthwise_conv_int8/host_build/libs/aarch64-ubuntu-gcc9.4/libdepthwise_conv_int8_qnn.so 39080 bytes
== build modules/fiboaistack_229_env/outputs/v2_plain_conv_int8_qemu82 ==
mkdir -p obj/aarch64-ubuntu-gcc9.4
/usr/bin/aarch64-linux-gnu-g++ -c -std=c++11 -D_UBUNTU_SOURCE -std=gnu++11 -fPIC -Wl,-lstdc++ -O3 -fno-exceptions -fno-rtti -Wno-write-strings -DQNN_API="__attribute__((visibility(\"default\")))" -fPIC -fvisibility=hidden -Ijni/ -I/home/fibo/fibocom_slz/modules/fiboaistack_229_env/outputs/qnn_model/qnn_sdk_subset/include/QNN jni/QnnWrapperUtils.cpp -o obj/aarch64-ubuntu-gcc9.4/QnnWrapperUtils.o
/usr/bin/aarch64-linux-gnu-g++ -c -std=c++11 -D_UBUNTU_SOURCE -std=gnu++11 -fPIC -Wl,-lstdc++ -O3 -fno-exceptions -fno-rtti -Wno-write-strings -DQNN_API="__attribute__((visibility(\"default\")))" -fPIC -fvisibility=hidden -Ijni/ -I/home/fibo/fibocom_slz/modules/fiboaistack_229_env/outputs/qnn_model/qnn_sdk_subset/include/QNN jni/QnnModelPal.cpp -o obj/aarch64-ubuntu-gcc9.4/QnnModelPal.o
/usr/bin/aarch64-linux-gnu-g++ -c -std=c++11 -D_UBUNTU_SOURCE -std=gnu++11 -fPIC -Wl,-lstdc++ -O3 -fno-exceptions -fno-rtti -Wno-write-strings -DQNN_API="__attribute__((visibility(\"default\")))" -fPIC -fvisibility=hidden -Ijni/ -I/home/fibo/fibocom_slz/modules/fiboaistack_229_env/outputs/qnn_model/qnn_sdk_subset/include/QNN jni/QnnModel.cpp -o obj/aarch64-ubuntu-gcc9.4/QnnModel.o
In file included from /usr/aarch64-linux-gnu/include/stdio.h:867,
                 from /usr/include/c++/9/cstdio:42,
                 from /usr/include/c++/9/ext/string_conversions.h:43,
                 from /usr/include/c++/9/bits/basic_string.h:6496,
                 from /usr/include/c++/9/string:55,
                 from /usr/include/c++/9/stdexcept:39,
                 from /usr/include/c++/9/array:39,
                 from /usr/include/c++/9/tuple:39,
                 from /usr/include/c++/9/bits/stl_map.h:63,
                 from /usr/include/c++/9/map:61,
                 from jni/QnnModel.hpp:13,
                 from jni/QnnModel.cpp:15:
In function ‘int printf(const char*, ...)’,
    inlined from ‘qnn_wrapper_api::ModelError_t qnn_wrapper_api::QnnModel::addNode(Qnn_OpConfigVersion_t, const char*, const char*, const char*, Qnn_Param_t*, uint32_t, const char**, uint32_t, Qnn_Tensor_t*, uint32_t)’ at jni/QnnWrapperUtils.hpp:147:5:
/usr/aarch64-linux-gnu/include/bits/stdio2.h:107:23: warning: ‘%s’ directive argument is null [-Wformat-overflow=]
  107 |   return __printf_chk (__USE_FORTIFY_LEVEL - 1, __fmt, __va_arg_pack ());
      |          ~~~~~~~~~~~~~^~~~~~~~~~~~~~~~~~~~~~~~~~~~~~~~~~~~~~~~~~~~~~~~~~
/usr/bin/aarch64-linux-gnu-g++ -c -std=c++11 -D_UBUNTU_SOURCE -std=gnu++11 -fPIC -Wl,-lstdc++ -O3 -fno-exceptions -fno-rtti -Wno-write-strings -DQNN_API="__attribute__((visibility(\"default\")))" -fPIC -fvisibility=hidden -Ijni/ -I/home/fibo/fibocom_slz/modules/fiboaistack_229_env/outputs/qnn_model/qnn_sdk_subset/include/QNN jni/plain_conv_int8_qnn.cpp -o obj/aarch64-ubuntu-gcc9.4/plain_conv_int8_qnn.o
mkdir -p obj/binary/aarch64-ubuntu-gcc9.4
touch obj/binary/extractbinary
touch obj/binary/aarch64-ubuntu-gcc9.4/objcopyDone
mkdir -p libs/aarch64-ubuntu-gcc9.4
modules/fiboaistack_229_env/outputs/v2_plain_conv_int8_qemu82/host_build/libs/aarch64-ubuntu-gcc9.4/libplain_conv_int8_qnn.so 39184 bytes
