2026-07-03 13:27:42,377 - 235 - INFO - Input shape info 
WARNING: The argument `input_shapes` is deprecated. Please use 
`overwrite_input_shapes` and/or `test_input_shapes` instead. An error will be 
raised in the future.
2026-07-03 13:28:38,626 - 235 - INFO - user_provided_output is same as graph_output..skipping update_output_names call
WARNING: Failed to set thread affinity for cpuset 10. errno = 0. Setting the thread affinity to cpuset f0 instead. 
WARNING: Failed to set thread affinity for cpuset 10. errno = 0. Setting the thread affinity to cpuset f0 instead. 
WARNING: Failed to set thread affinity for cpuset 10. errno = 0. Setting the thread affinity to cpuset f0 instead. 
WARNING: Failed to set thread affinity for cpuset 10. errno = 0. Setting the thread affinity to cpuset f0 instead. 
WARNING: Failed to set thread affinity for cpuset 10. errno = 0. Setting the thread affinity to cpuset f0 instead. 
WARNING: Failed to set thread affinity for cpuset 10. errno = 0. Setting the thread affinity to cpuset f0 instead. 
2026-07-03 13:28:39,237 - 235 - INFO - Saving QNN Model...
2026-07-03 13:28:39,296 - 235 - INFO - Model CPP saved at: /workspace/modules/fiboaistack_229_env/outputs/v2_plain_conv_int8_qemu82/plain_conv_int8_qnn.cpp 
2026-07-03 13:28:39,298 - 235 - INFO - Model BIN saved at: /workspace/modules/fiboaistack_229_env/outputs/v2_plain_conv_int8_qemu82/plain_conv_int8_qnn.bin 
2026-07-03 13:28:39,321 - 235 - INFO - Conversion complete!
     5.2ms [  INFO ] Inferences will run in sync mode
    13.3ms [  INFO ] Initializing logging in the backend. Callback: [0x7f81b3ad10], Log Level: [3]
    15.2ms [  INFO ] No BackendExtensions lib provided;initializing NetRunBackend Interface
    35.7ms [  INFO ] [QNN_CPU] CpuBackend creation start
    36.0ms [  INFO ] [QNN_CPU] CpuBackend creation end
    52.3ms [WARNING] Unable to find a device with NetRunDeviceKeyDefault in Library NetRunBackendLibKeyDefault
    52.5ms [WARNING] Profile Logger with name = defaultKey doesn't exist! Returning nullptr
    39.9ms [  INFO ] [QNN_CPU] QnnContext create start
    40.6ms [  INFO ] [QNN_CPU] QnnContext create end
    62.8ms [  INFO ] Entering QuantizeRuntimeApp flow
    64.0ms [WARNING] Profile Logger with name = defaultKey doesn't exist! Returning nullptr
    52.0ms [  INFO ] [QNN_CPU] CpuGraph creation start
    52.2ms [  INFO ] [QNN_CPU] CpuGraph creation end
    53.3ms [  INFO ] [QNN_CPU] QnnGraph create end
    75.6ms [  INFO ] [QNN_CPU] QnnGraph finalize start
    79.9ms [  INFO ] [QNN_CPU] QnnGraph finalize end
    92.1ms [  INFO ] [QNN_CPU] QnnGraph execute start
   173.5ms [  INFO ] [QNN_CPU] QnnGraph execute end
   126.4ms [  INFO ] cleaning up resources for input tensors
   127.3ms [  INFO ] cleaning up resources for output tensors
   184.0ms [  INFO ] [QNN_CPU] QnnGraph execute start
   190.4ms [  INFO ] [QNN_CPU] QnnGraph execute end
   139.5ms [  INFO ] cleaning up resources for input tensors
   140.2ms [  INFO ] cleaning up resources for output tensors
   193.2ms [  INFO ] [QNN_CPU] QnnGraph execute start
   207.3ms [  INFO ] [QNN_CPU] QnnGraph execute end
   156.4ms [  INFO ] cleaning up resources for input tensors
   156.4ms [  INFO ] cleaning up resources for output tensors
   210.2ms [  INFO ] [QNN_CPU] QnnGraph execute start
   215.9ms [  INFO ] [QNN_CPU] QnnGraph execute end
   165.0ms [  INFO ] cleaning up resources for input tensors
   165.0ms [  INFO ] cleaning up resources for output tensors
   201.5ms [  INFO ] Freeing graphsInfo
   202.0ms [WARNING] Profile Logger with name = defaultKey doesn't exist! Returning nullptr
   253.6ms [  INFO ] [QNN_CPU] QnnContext Free start
   256.7ms [  INFO ] [QNN_CPU] QnnContext Free end
   213.9ms [WARNING] Profile Logger with name = defaultKey doesn't exist!
   265.7ms [  INFO ] [QNN_CPU] QnnBackend Free start
   266.3ms [  INFO ] [QNN_CPU] QnnBackend Free end
