Logger initialized with level: trace
[2026-07-05 04:56:56.856] [Fiboaisdk] [---T---] [thread 1384982]   Model Path: /home/fibo/fibocom_slz/modules/fiboaistack_229_env/outputs/qnn_htp_rewrite_pad_constant_int8/host_build/libs/aarch64-ubuntu-gcc9.4/libradio_map_liteunet_pad_constant_int8_qnn.so
Platform: qualcomm
Framework: qnn
Device Unit: dsp
Mode: 5
Log Level: error
Logger initialized with level: error
/prj/qct/webtech_scratch20/mlg_user_admin/qaisw_repo_rel/2.29.0/release/snpe_src/avante-tools/prebuilt/dsp/hexagon-sdk-4.2.0/ipc/fastrpc/rpcmem/src/rpcmem_android.c:38:dummy call to rpcmem_init, rpcmem APIs will be used from libxdsprpc
 <E> No Device and Core not registered for power config id 0

 <E> Failed to find power config id 0

 <E> Failed to destroy powerConfigId with error 0x32c9

Perf Infra destroy (null context) power config return: [13001]
{
  "execute_dtype": "uint8",
  "execute_ms": [
    79.92571202339604
  ],
  "execute_ms_avg": 79.92571202339604,
  "execute_ms_max": 79.92571202339604,
  "execute_ms_min": 79.92571202339604,
  "fetch_dtype": "uint8",
  "fetch_ms_avg": 2.2744569869246334,
  "framework": "qnn",
  "init_code": 0,
  "init_ms": 1064.2082109989133,
  "input_quant": {
    "data_type": 1032,
    "dims": [
      1,
      256,
      256,
      7
    ],
    "offset": -130,
    "ok": true,
    "qnn_json": "modules/fiboaistack_229_env/outputs/qnn_htp_rewrite_pad_constant_int8/radio_map_liteunet_pad_constant_int8_qnn_net.json",
    "scale": 0.0392201766371727
  },
  "label_metrics": {
    "label_dbm_mean": -123.5843505859375,
    "mae_db": 3.8325695991516113,
    "pred_dbm_mean": -124.46981811523438,
    "rmse_db": 5.330545272848153,
    "valid_pixels": 65536
  },
  "mode": 5,
  "model": "/home/fibo/fibocom_slz/modules/fiboaistack_229_env/outputs/qnn_htp_rewrite_pad_constant_int8/host_build/libs/aarch64-ubuntu-gcc9.4/libradio_map_liteunet_pad_constant_int8_qnn.so",
  "ok": true,
  "output_len": 65536,
  "output_max": 1.023194432258606,
  "output_mean": -0.14717793464660645,
  "output_min": -1.590399980545044,
  "output_npy": "/home/fibo/fibocom_slz/modules/radio_map_qcs6490_deploy/outputs/qnn_pad_constant_int8_real10_20260703_143201/samples/373_k1_dsp_qnn.npy",
  "output_quant": {
    "data_type": 1032,
    "dims": [
      1,
      256,
      256,
      1
    ],
    "offset": -163,
    "ok": true,
    "qnn_json": "modules/fiboaistack_229_env/outputs/qnn_htp_rewrite_pad_constant_int8/radio_map_liteunet_pad_constant_int8_qnn_net.json",
    "scale": 0.011121678166091442
  },
  "platform": "qualcomm",
  "release_code": 0,
  "repeat": 1,
  "runtime": "DSP",
  "sample": {
    "sample_path": "/home/fibo/fibocom_slz/modules/radio-map-estimation-workbench/modules/m2/runs/datas/features/v1_base_256_k1_landuse3/373_k1.npz",
    "x_shape_nhwc": [
      1,
      256,
      256,
      7
    ]
  },
  "sample_id": "373_k1",
  "saved_output_shape": [
    256,
    256
  ],
  "warmup": 1
}
/prj/qct/webtech_scratch20/mlg_user_admin/qaisw_repo_rel/2.29.0/release/snpe_src/avante-tools/prebuilt/dsp/hexagon-sdk-4.2.0/ipc/fastrpc/rpcmem/src/rpcmem_android.c:42:dummy call to rpcmem_deinit, rpcmem APIs will be used from libxdsprpc
